<?xml version="1.0" encoding="UTF-8"?>
<!-- Generated by org.testng.reporters.JUnitReportReporter -->
<testsuite skipped="0" hostname="07HW011868" name="tests.Testar" tests="1" failures="0" timestamp="03 jul 2020 19:11:47 GMT" time="0.004" errors="0">
  <testcase name="iniciarUmtest" time="0.004" classname="tests.Testar"/>
</testsuite> <!-- tests.Testar -->
