<?xml version="1.0" encoding="UTF-8"?>
<!-- Generated by org.testng.reporters.JUnitReportReporter -->
<testsuite skipped="0" hostname="07HW011868" name="tests.SUT001_AmericanasPurchaseListTests" tests="3" failures="0" timestamp="06 Jul 2020 16:03:51 GMT" time="24.424" errors="0">
  <testcase name="TC001_FindProduct" time="10.789" classname="tests.SUT001_AmericanasPurchaseListTests"/>
  <testcase name="TC002_FindAndSelectProduct" time="7.052" classname="tests.SUT001_AmericanasPurchaseListTests"/>
  <testcase name="TC002_FindAndBuyProduct" time="6.583" classname="tests.SUT001_AmericanasPurchaseListTests"/>
</testsuite> <!-- tests.SUT001_AmericanasPurchaseListTests -->
