<?xml version="1.0" encoding="UTF-8"?>
<!-- Generated by org.testng.reporters.JUnitReportReporter -->
<testsuite skipped="0" hostname="07HW011868" name="tests.Testar" tests="1" failures="0" timestamp="06 Jul 2020 14:43:37 GMT" time="9.166" errors="0">
  <testcase name="TC001_" time="9.166" classname="tests.Testar"/>
</testsuite> <!-- tests.Testar -->
